1: BUS: started
2: BUS: arrived to 1
3: BUS: leaving 1
4: L 1: started
5: BUS: arrived to 2
6: BUS: leaving 2
7: L 1: arrived to 1
8: L 2: started
9: BUS: arrived to 3
10: can bord
11: L 2: arrived to 2
12: L 1: waiting for next bus at stop 1
13: can bord
14: L 3: started
15: L 2: waiting for next bus at stop 2
16: BUS: leaving 3
17: L 3: arrived to 3
18: BUS: arrived to final cap: 0
19: BUS: leaving final
20: BUS: arrived to 1
21: can bord
22: L 1: boarding at stop 1
23: L: 1 waiting on final stop
24: BUS: leaving 1
25: BUS: arrived to 2
26: BUS: leaving 2
27: BUS: arrived to 3
28: BUS: leaving 3
29: BUS: arrived to final cap: 1
